<?xml version="1.0" encoding="UTF-8"?>
<!-- Generated by org.testng.reporters.JUnitReportReporter -->
<testsuite skipped="0" hostname="lgvn14953" name="tests.project1.go.BugIntegration" tests="1" failures="0" timestamp="06 Jun 2019 02:59:48 GMT" time="6.310" errors="0">
  <testcase name="verifyLoginTitle" time="6.310" classname="tests.project1.go.BugIntegration"/>
</testsuite> <!-- tests.project1.go.BugIntegration -->
